[debug] [2026-03-02T10:41:25.602Z] ----------------------------------------------------------------------
[debug] [2026-03-02T10:41:25.605Z] Command:       /nix/store/ixbb20farqh1f4fqbmsn6b1ixn8mc8ij-nodejs-20.18.1/bin/node /home/user/.global_modules/bin/firebase init
[debug] [2026-03-02T10:41:25.605Z] CLI Version:   15.8.0
[debug] [2026-03-02T10:41:25.605Z] Platform:      linux
[debug] [2026-03-02T10:41:25.606Z] Node Version:  v20.18.1
[debug] [2026-03-02T10:41:25.606Z] Time:          Mon Mar 02 2026 10:41:25 GMT+0000 (Coordinated Universal Time)
[debug] [2026-03-02T10:41:25.606Z] ----------------------------------------------------------------------
[debug] 
[debug] [2026-03-02T10:41:25.608Z] >>> [apiv2][query] GET https://firebase-public.firebaseio.com/cli.json [none]
[debug] [2026-03-02T10:41:26.628Z] No OAuth tokens found
[debug] [2026-03-02T10:41:26.628Z] No OAuth tokens found
[error] Failed to fetch Firebase Project from current Studio Workspace: Unable to refresh auth: not yet authenticated.
[info] 
     ######## #### ########  ######## ########     ###     ######  ########
     ##        ##  ##     ## ##       ##     ##  ##   ##  ##       ##
     ######    ##  ########  ######   ########  #########  ######  ######
     ##        ##  ##    ##  ##       ##     ## ##     ##       ## ##
     ##       #### ##     ## ######## ########  ##     ##  ######  ########

You're about to initialize a Firebase project in this directory:

  /home/user/BMS-beautySalon/backend

[debug] [2026-03-02T10:41:26.991Z] <<< [apiv2][status] GET https://firebase-public.firebaseio.com/cli.json 200
[debug] [2026-03-02T10:41:26.992Z] <<< [apiv2][body] GET https://firebase-public.firebaseio.com/cli.json {"cloudBuildErrorAfter":1594252800000,"cloudBuildWarnAfter":1590019200000,"defaultNode10After":1594252800000,"minVersion":"3.0.5","node8DeploysDisabledAfter":1613390400000,"node8RuntimeDisabledAfter":1615809600000,"node8WarnAfter":1600128000000}
[info] 
=== Project Setup
[info] 
[info] First, let's associate this project directory with a Firebase project.
[info] You can create multiple project aliases by running firebase use --add, 
[info] 
[info] i  If you want to create a project in a Google Cloud organization or folder, please use "firebase projects:create" instead, and return to this command when you've created the project. 
[debug] [2026-03-02T10:42:35.552Z] > command requires scopes: ["email","openid","https://www.googleapis.com/auth/cloudplatformprojects.readonly","https://www.googleapis.com/auth/firebase","https://www.googleapis.com/auth/cloud-platform","https://www.googleapis.com/auth/userinfo.email"]
[debug] [2026-03-02T10:43:12.346Z] Running auto auth
